e:\software\anaconda3\envs\pytorch\c++project\new\dlllp\x64\debug\dlllp.pch
e:\software\anaconda3\envs\pytorch\c++project\new\dlllp\x64\debug\vc142.pdb
e:\software\anaconda3\envs\pytorch\c++project\new\dlllp\x64\debug\vc142.idb
e:\software\anaconda3\envs\pytorch\c++project\new\dlllp\x64\debug\pch.obj
e:\software\anaconda3\envs\pytorch\c++project\new\dlllp\x64\debug\dllmain.obj
e:\software\anaconda3\envs\pytorch\c++project\new\dlllp\x64\debug\dlllp.obj
e:\software\anaconda3\envs\pytorch\c++project\new 2\dlllp\x64\debug\dlllp.pch
e:\software\anaconda3\envs\pytorch\c++project\new 2\dlllp\x64\debug\vc142.pdb
e:\software\anaconda3\envs\pytorch\c++project\new 2\dlllp\x64\debug\vc142.idb
e:\software\anaconda3\envs\pytorch\c++project\new 2\dlllp\x64\debug\pch.obj
e:\software\anaconda3\envs\pytorch\c++project\new 2\dlllp\x64\debug\dllmain.obj
e:\software\anaconda3\envs\pytorch\c++project\new 2\dlllp\x64\debug\dlllp.obj
x64\debug\basefunc.cu.obj
x64\debug\loss_cuda.cu.obj
x64\debug\file.cu.obj
x64\debug\header.cuh.obj
e:\software\anaconda3\envs\pytorch\c++project\new\py\from_other\dlllp.lib
e:\software\anaconda3\envs\pytorch\c++project\new\py\from_other\dlllp.exp
e:\software\anaconda3\envs\pytorch\c++project\new 2\py\from_other\dlllp.lib
e:\software\anaconda3\envs\pytorch\c++project\new 2\py\from_other\dlllp.exp
e:\software\anaconda3\envs\pytorch\c++project\new\py\from_other\dlllp.dll
e:\software\anaconda3\envs\pytorch\c++project\new\py\from_other\dlllp.ilk
e:\software\anaconda3\envs\pytorch\c++project\new\py\from_other\dlllp.pdb
e:\software\anaconda3\envs\pytorch\c++project\new 2\py\from_other\dlllp.dll
e:\software\anaconda3\envs\pytorch\c++project\new 2\py\from_other\dlllp.ilk
e:\software\anaconda3\envs\pytorch\c++project\new 2\py\from_other\dlllp.pdb
e:\software\anaconda3\envs\pytorch\c++project\new 2\dlllp\x64\debug\basefunc.cu.cache
e:\software\anaconda3\envs\pytorch\c++project\new 2\dlllp\x64\debug\file.cu.cache
e:\software\anaconda3\envs\pytorch\c++project\new 2\dlllp\x64\debug\gpu_op.cu.cache
e:\software\anaconda3\envs\pytorch\c++project\new 2\dlllp\x64\debug\header.cuh.cache
e:\software\anaconda3\envs\pytorch\c++project\new 2\dlllp\x64\debug\loss_cuda.cu.cache
e:\software\anaconda3\envs\pytorch\c++project\new 2\dlllp\x64\debug\basefunc.cu.obj
e:\software\anaconda3\envs\pytorch\c++project\new 2\dlllp\x64\debug\file.cu.obj
e:\software\anaconda3\envs\pytorch\c++project\new 2\dlllp\x64\debug\header.cuh.obj
e:\software\anaconda3\envs\pytorch\c++project\new 2\dlllp\x64\debug\loss_cuda.cu.obj
e:\software\anaconda3\envs\pytorch\c++project\new 2\dlllp\..\py\from_other\dlllp.dll
e:\software\anaconda3\envs\pytorch\c++project\new 2\dlllp\x64\debug\dlllp.tlog\cl.command.1.tlog
e:\software\anaconda3\envs\pytorch\c++project\new 2\dlllp\x64\debug\dlllp.tlog\cl.read.1.tlog
e:\software\anaconda3\envs\pytorch\c++project\new 2\dlllp\x64\debug\dlllp.tlog\cl.write.1.tlog
e:\software\anaconda3\envs\pytorch\c++project\new 2\dlllp\x64\debug\dlllp.tlog\cudacompile.read.1u.tlog
e:\software\anaconda3\envs\pytorch\c++project\new 2\dlllp\x64\debug\dlllp.tlog\cudacompile.write.1u.tlog
e:\software\anaconda3\envs\pytorch\c++project\new 2\dlllp\x64\debug\dlllp.tlog\dlllp.write.1u.tlog
e:\software\anaconda3\envs\pytorch\c++project\new 2\dlllp\x64\debug\dlllp.tlog\link.12900.delete.1.tlog
e:\software\anaconda3\envs\pytorch\c++project\new 2\dlllp\x64\debug\dlllp.tlog\link.15412.delete.1.tlog
e:\software\anaconda3\envs\pytorch\c++project\new 2\dlllp\x64\debug\dlllp.tlog\link.16340.delete.1.tlog
e:\software\anaconda3\envs\pytorch\c++project\new 2\dlllp\x64\debug\dlllp.tlog\link.24332.delete.1.tlog
e:\software\anaconda3\envs\pytorch\c++project\new 2\dlllp\x64\debug\dlllp.tlog\link.8256.delete.1.tlog
e:\software\anaconda3\envs\pytorch\c++project\new 2\dlllp\x64\debug\dlllp.tlog\link.command.1.tlog
e:\software\anaconda3\envs\pytorch\c++project\new 2\dlllp\x64\debug\dlllp.tlog\link.read.1.tlog
e:\software\anaconda3\envs\pytorch\c++project\new 2\dlllp\x64\debug\dlllp.tlog\link.write.1.tlog
